<?xml version="1.0" encoding="UTF-8"?>
<!-- Generated by org.testng.reporters.JUnitReportReporter -->
<testsuite hostname="sonalipat" name="PseudoCode.encrypt" tests="1" failures="0" timestamp="19 Feb 2018 10:08:53 GMT" time="0.043" errors="0">
  <testcase name="doEncrypt" time="0.043" classname="PseudoCode.encrypt"/>
</testsuite> <!-- PseudoCode.encrypt -->
