<?xml version="1.0" encoding="UTF-8"?>
<!-- Generated by org.testng.reporters.JUnitReportReporter -->
<testsuite hostname="sonalipat" name="VerificationVsValidation" tests="1" failures="0" timestamp="14 Dec 2017 09:13:15 GMT" time="1.061" errors="0">
  <testcase name="foo" time="1.061" classname="VerificationVsValidation"/>
</testsuite> <!-- VerificationVsValidation -->
