<?xml version="1.0" encoding="UTF-8"?>
<!-- Generated by org.testng.reporters.JUnitReportReporter -->
<testsuite hostname="sonalipat" name="ReadDynamicTable" tests="1" failures="0" timestamp="14 Dec 2017 09:57:09 GMT" time="66.325" errors="0">
  <testcase name="readtable" time="66.325" classname="ReadDynamicTable"/>
</testsuite> <!-- ReadDynamicTable -->
