<?xml version="1.0" encoding="UTF-8"?>
<!-- Generated by org.testng.reporters.JUnitReportReporter -->
<testsuite hostname="sonalipat" name="PracSel" tests="1" failures="0" timestamp="2 Feb 2018 06:01:27 GMT" time="21.800" errors="0">
  <testcase name="test" time="21.800" classname="PracSel"/>
</testsuite> <!-- PracSel -->
